  Using 'git status' to determine working set for adaptive non-unity build (D:\Unreal Projects\GitHub\JobSimulator).
  Parsing headers for JobSimulatorEditor
    Running UnrealHeaderTool "D:\Unreal Projects\GitHub\JobSimulator\JobSimulator\JobSimulator.uproject" "D:\Unreal Projects\GitHub\JobSimulator\JobSimulator\Intermediate\Build\Win64\JobSimulatorEditor\Development\JobSimulatorEditor.uhtmanifest" -LogCmds="loginit warning, logexit warning, logdatabase error" -Unattended -WarningsAsErrors -abslog="C:\Users\scott\AppData\Local\UnrealBuildTool\Log_UHT.txt" -installed
  Reflection code generated for JobSimulatorEditor in 3.1311869 seconds
  Building JobSimulatorEditor...
  Using Visual Studio 2019 14.30.30706 toolchain (C:\Program Files\Microsoft Visual Studio\2022\Community\VC\Tools\MSVC\14.30.30705) and Windows 10.0.19041.0 SDK (C:\Program Files (x86)\Windows Kits\10).
  Building 14 actions with 16 processes...
    [1/14] JobSimulator.init.gen.cpp
    [2/14] Product_TV.cpp
    [3/14] Product_Lamp.cpp
    [4/14] Product_Picture.cpp
    [5/14] Product_TV.gen.cpp
    [6/14] Product_Picture.gen.cpp
    [7/14] Product_Lamp.gen.cpp
    [8/14] ProductBase.gen.cpp
    [9/14] DropOffBox.gen.cpp
    [10/14] DropOffBox.cpp
    [11/14] ProductBase.cpp
    [12/14] UE4Editor-JobSimulator-0029.lib
       Creating library D:\Unreal Projects\GitHub\JobSimulator\JobSimulator\Intermediate\Build\Win64\UE4Editor\Development\JobSimulator\UE4Editor-JobSimulator-0029.lib and object D:\Unreal Projects\GitHub\JobSimulator\JobSimulator\Intermediate\Build\Win64\UE4Editor\Development\JobSimulator\UE4Editor-JobSimulator-0029.exp
    [13/14] UE4Editor-JobSimulator-0029.dll
       Creating library D:\Unreal Projects\GitHub\JobSimulator\JobSimulator\Intermediate\Build\Win64\UE4Editor\Development\JobSimulator\UE4Editor-JobSimulator-0029.suppressed.lib and object D:\Unreal Projects\GitHub\JobSimulator\JobSimulator\Intermediate\Build\Win64\UE4Editor\Development\JobSimulator\UE4Editor-JobSimulator-0029.suppressed.exp
    [14/14] JobSimulatorEditor.target
  Total time in Parallel executor: 337.10 seconds
  Total execution time: 341.42 seconds
